<?xml version="1.0" encoding="UTF-8"?>
<testng-results ignored="0" total="1" passed="1" failed="0" skipped="0">
  <reporter-output>
  </reporter-output>
  <suite started-at="2024-07-18T12:21:16 IST" name="Suite" finished-at="2024-07-18T12:21:20 IST" duration-ms="4316">
    <groups>
    </groups>
    <test started-at="2024-07-18T12:21:16 IST" name="Test" finished-at="2024-07-18T12:21:20 IST" duration-ms="4316">
      <class name="Selenium.Selenium.AppTest">
        <test-method signature="shouldAnswerWithTrue()[pri:0, instance:Selenium.Selenium.AppTest@a2431d0]" started-at="2024-07-18T12:21:16 IST" name="shouldAnswerWithTrue" finished-at="2024-07-18T12:21:20 IST" duration-ms="4270" status="PASS">
          <reporter-output>
          </reporter-output>
        </test-method> <!-- shouldAnswerWithTrue -->
      </class> <!-- Selenium.Selenium.AppTest -->
    </test> <!-- Test -->
  </suite> <!-- Suite -->
</testng-results>
