<?xml version="1.0" encoding="UTF-8"?>
<testng-results ignored="0" total="1" passed="1" failed="0" skipped="0">
  <reporter-output>
  </reporter-output>
  <suite started-at="2024-07-18T12:19:45 IST" name="Default suite" finished-at="2024-07-18T12:19:49 IST" duration-ms="4165">
    <groups>
    </groups>
    <test started-at="2024-07-18T12:19:45 IST" name="Default test" finished-at="2024-07-18T12:19:49 IST" duration-ms="4165">
      <class name="Selenium.Selenium.AppTest">
        <test-method signature="shouldAnswerWithTrue()[pri:0, instance:Selenium.Selenium.AppTest@2a54a73f]" started-at="2024-07-18T12:19:45 IST" name="shouldAnswerWithTrue" finished-at="2024-07-18T12:19:49 IST" duration-ms="4127" status="PASS">
          <reporter-output>
          </reporter-output>
        </test-method> <!-- shouldAnswerWithTrue -->
      </class> <!-- Selenium.Selenium.AppTest -->
    </test> <!-- Default test -->
  </suite> <!-- Default suite -->
</testng-results>
